<?xml version="1.0" encoding="UTF-8"?>
<!-- Generated by org.testng.reporters.JUnitXMLReporter -->
<testsuite ignored="0" hostname="INBANWLQ2S173" failures="0" tests="7" name="Default test" time="67.057" errors="0" timestamp="2021-03-02T20:33:01 IST">
  <testcase classname="testcases.testcase_001" name="clickonRegisterForEmail" time="5.78"/>
  <testcase classname="testcases.testcase_001" name="registrationProces" time="10.209"/>
  <testcase classname="testcases.testcase_001" name="validateHomePageforName" time="0.336"/>
  <testcase classname="testcases.testcase_001" name="navigateToHomePage" time="2.911"/>
  <testcase classname="testcases.testcase_001" name="addProducttoCart" time="7.085"/>
  <testcase classname="testcases.testcase_001" name="processingOrder" time="23.319"/>
  <testcase classname="testcases.testcase_001" name="validatingProductDetailsOnPaymentPage" time="0.122"/>
</testsuite> <!-- Default test -->
