<?xml version="1.0" encoding="UTF-8"?>
<!-- Generated by org.testng.reporters.JUnitXMLReporter -->
<testsuite ignored="0" hostname="INBANWLQ2S173" failures="0" tests="7" name="Test" time="73.199" errors="0" timestamp="2021-03-05T12:13:31 IST">
  <testcase classname="testcases.testcase_001" name="clickonRegisterForEmail" time="7.071"/>
  <testcase classname="testcases.testcase_001" name="registrationProces" time="12.661"/>
  <testcase classname="testcases.testcase_001" name="validateHomePageforName" time="0.257"/>
  <testcase classname="testcases.testcase_001" name="navigateToHomePage" time="2.693"/>
  <testcase classname="testcases.testcase_001" name="addProducttoCart" time="7.169"/>
  <testcase classname="testcases.testcase_001" name="processingOrder" time="25.31"/>
  <testcase classname="testcases.testcase_001" name="validatingProductDetailsOnPaymentPage" time="0.106"/>
</testsuite> <!-- Test -->
