<?xml version="1.0" encoding="UTF-8"?>
<testng-results ignored="0" total="7" passed="7" failed="0" skipped="0">
  <reporter-output>
  </reporter-output>
  <suite started-at="2021-03-02T20:31:54 IST" name="Default suite" finished-at="2021-03-02T20:33:01 IST" duration-ms="67057">
    <groups>
    </groups>
    <test started-at="2021-03-02T20:31:54 IST" name="Default test" finished-at="2021-03-02T20:33:01 IST" duration-ms="67057">
      <class name="testcases.testcase_001">
        <test-method is-config="true" signature="launchBrowser()[pri:0, instance:testcases.testcase_001@11fc564b]" started-at="2021-03-02T20:31:54 IST" name="launchBrowser" finished-at="2021-03-02T20:32:12 IST" duration-ms="17198" status="PASS">
          <reporter-output>
          </reporter-output>
        </test-method> <!-- launchBrowser -->
        <test-method signature="clickonRegisterForEmail()[pri:1, instance:testcases.testcase_001@11fc564b]" started-at="2021-03-02T20:32:12 IST" name="clickonRegisterForEmail" finished-at="2021-03-02T20:32:17 IST" duration-ms="5780" status="PASS">
          <reporter-output>
          </reporter-output>
        </test-method> <!-- clickonRegisterForEmail -->
        <test-method signature="registrationProces()[pri:2, instance:testcases.testcase_001@11fc564b]" started-at="2021-03-02T20:32:17 IST" name="registrationProces" finished-at="2021-03-02T20:32:28 IST" duration-ms="10209" status="PASS">
          <reporter-output>
          </reporter-output>
        </test-method> <!-- registrationProces -->
        <test-method signature="validateHomePageforName()[pri:3, instance:testcases.testcase_001@11fc564b]" started-at="2021-03-02T20:32:28 IST" name="validateHomePageforName" finished-at="2021-03-02T20:32:28 IST" duration-ms="336" status="PASS">
          <reporter-output>
          </reporter-output>
        </test-method> <!-- validateHomePageforName -->
        <test-method signature="navigateToHomePage()[pri:4, instance:testcases.testcase_001@11fc564b]" started-at="2021-03-02T20:32:28 IST" name="navigateToHomePage" finished-at="2021-03-02T20:32:31 IST" duration-ms="2911" status="PASS">
          <reporter-output>
          </reporter-output>
        </test-method> <!-- navigateToHomePage -->
        <test-method signature="addProducttoCart()[pri:5, instance:testcases.testcase_001@11fc564b]" started-at="2021-03-02T20:32:31 IST" name="addProducttoCart" finished-at="2021-03-02T20:32:38 IST" duration-ms="7085" status="PASS">
          <reporter-output>
          </reporter-output>
        </test-method> <!-- addProducttoCart -->
        <test-method signature="processingOrder()[pri:6, instance:testcases.testcase_001@11fc564b]" started-at="2021-03-02T20:32:38 IST" name="processingOrder" finished-at="2021-03-02T20:33:01 IST" duration-ms="23319" status="PASS">
          <reporter-output>
          </reporter-output>
        </test-method> <!-- processingOrder -->
        <test-method signature="validatingProductDetailsOnPaymentPage()[pri:7, instance:testcases.testcase_001@11fc564b]" started-at="2021-03-02T20:33:01 IST" name="validatingProductDetailsOnPaymentPage" finished-at="2021-03-02T20:33:01 IST" duration-ms="122" status="PASS">
          <reporter-output>
          </reporter-output>
        </test-method> <!-- validatingProductDetailsOnPaymentPage -->
      </class> <!-- testcases.testcase_001 -->
    </test> <!-- Default test -->
  </suite> <!-- Default suite -->
</testng-results>
